./document.err errors


== Document Attributes

(): 'Interface' is not a permitted subtype of Standard: reverting to 'implementation'
(): draft is not an allowed status for standard


== AsciiDoc Input

(Section: Bibliography): no anchor on reference, markup may be malformed: see
https://www.metanorma.com/author/topics/document-format/bibliography/ ,
https://www.metanorma.com/author/iso/topics/markup/#bibliographies
: For citations in the text please use square brackets and consecutive numbers: [1], [2], [3]
	#<Asciidoctor::List@504720 {context: :ulist, style: nil, items: 1}>


== Anchors

(XML Line 000208): Crossreference target OGC06-121r9 is undefined
	<xref target="OGC06-121r9"/>
(XML Line 000266): normalised identifier in <requirement id="http___www.opengis.net_spec_ABCD_m.n_req_req-class-a" obligation="requirement" type="class"/> from http://www.opengis.net/spec/ABCD/m.n/req/req-class-a
	<requirement id="http___www.opengis.net_spec_ABCD_m.n_req_req-class-a" obligation="requirement" type="class"><description><p id="_66b840ad-3cf2-4340-a0a0-cf2afc65de2c">Requirements Class</p><ul id="_1971917a-ac5a-4e15-bb99-14e231022623"><li><p id="_45da405a-4bbf-4f48-bee7-79ba45b7afde"><link target="http://www.example.org/req/blah"/></p>
	</li>
	<li><p id="_9268c7e5-dde3-4015-bf3e-39c2f7f87fda">urn:iso:ts:iso:19139:clause:6</p>
	</li>
	</ul></description>
(XML Line 000290): normalised identifier in <requirement id="_req_req-class-a_req-name-1" obligation="requirement" type="general"/> from /req/req-class-a/req-name-1
	<requirement id="_req_req-class-a_req-name-1" obligation="requirement" type="general"> <description><p id="_a660d77d-aea5-4936-ade4-edcd3ea41bf7">Requirement ‘shall’ statement</p></description>
	</requirement>


== Style

(): Submitters is missing!


== Metanorma XML Style Warning

(XML Line 000228): Hanging paragraph in clause
	<clause id="_conventions" obligation="normative">
	<title>Conventions</title>
	<p id="_f287e0a4-ca0e-ef98-6e01-5d09472b62aa">This sections provides details and examples for any conventions used in the document. Examples of conventions are symbols, abbreviations, use of XML schema, or special notes regarding how to read the document.</p>
	
	<clause id="_identifiers" obligation="normative">
(XML Line 000242): Hanging paragraph in clause
	<clause id="_clauses_not_containing_normative_material" obligation="informative">
	<title>Clauses not Containing Normative Material</title>
	<p id="_6f5c8cdc-826f-564e-03f0-7b929261119c">Paragraph</p>
	
	<clause id="_clauses_not_containing_normative_material_sub_clause_1" obligation="informative">
(XML Line 000256): Hanging paragraph in clause
	<clause id="_clause_containing_normative_material" obligation="normative">
	<title>Clause containing normative material</title>
	<p id="_e346d47b-e37b-bad0-b7a8-85b3051c2c9a">Paragraph</p>
	
	<clause id="_requirement_class_a_or_requirement_a_example" obligation="normative">
(XML Line 000260): Hanging paragraph in clause
	<clause id="_requirement_class_a_or_requirement_a_example" obligation="normative">
	<title>Requirement Class A or Requirement A Example</title>
	<p id="_2571912e-e61e-678f-90b6-b6debf92814c">Paragraph – intro text for the requirement class.</p>
	
	<p id="_1ad1f3a4-290a-4b26-7f68-a63544f01832">Use the following table for Requirements Classes.</p>
(XML Line 000295): Table should have title
	<table id="_baffd499-ce22-93c1-8644-ba20e774b820" width="90%"><thead><tr><th valign="middle" align="left">Names</th>
	<th valign="middle" align="left">Definition</th>
	<th valign="middle" align="left">Data types and values</th>
	<th valign="middle" align="left">Multiplicity and use</th>
	</tr></thead>
(XML Line 000323): Hanging paragraph in clause
	<annex id="_conformance_class_abstract_test_suite_normative" obligation="informative">
	<title>Conformance Class Abstract Test Suite (Normative)</title>
	<note id="_49fa4119-ff23-ba00-2b10-7c6008e83cc9"><p id="_2f41c6a6-7963-8015-59ca-d74fafa8ae41">Ensure that there is a conformance class for each requirements class and a test for each requirement (identified by requirement name and number)</p>
	</note>
	
(XML Line 000356): Table should have title
	<table id="_b491561e-0766-3f3b-04d6-56fc96fed3e2" width="90%"><thead><tr><th valign="middle" align="left">Date</th>
	<th valign="middle" align="left">Release</th>
	<th valign="middle" align="left">Editor</th>
	<th valign="middle" align="left">Primary clauses modified</th>
	<th valign="middle" align="left">Description</th>


== Requirements

(XML Line 000266): Requirement class http___www.opengis.net_spec_ABCD_m.n_req_req-class-a has no corresponding Conformance class test
	<requirement id="http___www.opengis.net_spec_ABCD_m.n_req_req-class-a" obligation="requirement" type="class"><description><p id="_afbd9ff1-48f9-3d6b-bf2d-9cf250b73503">Requirements Class</p><ul id="_91cca0de-3eef-25f5-a1bd-876ed4308711"><li><p id="_0764fa86-d4c1-8091-85da-a1c641af2180"><link target="http://www.example.org/req/blah"/></p>
	</li>
	<li><p id="_f546d3c6-46d2-36f5-e566-79f27052171a">urn:iso:ts:iso:19139:clause:6</p>
	</li>
	</ul></description>
(XML Line 000274): Requirement _52d02e3c-1058-1dfa-c7a7-5584e81f7b68 has no corresponding Conformance test
	<requirement id="_52d02e3c-1058-1dfa-c7a7-5584e81f7b68" type="general"> <description><p id="_7a2c71c8-d37b-f492-f889-0f1d60baf760">requirement description</p></description>
	</requirement>
(XML Line 000277): Requirement _4bea75a4-47fe-4a9a-b575-f228bcbd5791 has no corresponding Conformance test
	<requirement id="_4bea75a4-47fe-4a9a-b575-f228bcbd5791" type="general"> <description><p id="_ff73872a-fc0e-a168-12cb-9683da3d3174">requirement description</p></description>
	</requirement>
(XML Line 000280): Requirement _7db680fd-2daf-87e4-8fe3-dce860a6a554 has no corresponding Conformance test
	<requirement id="_7db680fd-2daf-87e4-8fe3-dce860a6a554" type="general"> <description><p id="_c46d3fec-4d21-69d8-2ef1-668132f04dac">requirement description</p></description>
	</requirement>
(XML Line 000290): Requirement _req_req-class-a_req-name-1 has no corresponding Conformance test
	<requirement id="_req_req-class-a_req-name-1" obligation="requirement" type="general"> <description><p id="_cadb98b9-98d5-b57e-13a0-db23e990aa2e">Requirement ‘shall’ statement</p></description>
	</requirement>


== Metanorma XML Syntax

(XML Line 000152:104): element "clause" not allowed here; expected the element end-tag or element "submitters"
(XML Line 000429:278): character content of element "from" invalid; must be a year
(XML Line 000442:330): character content of element "from" invalid; must be a year
